<?xml version="1.0" encoding="UTF-8"?>
<!-- Generated by org.testng.reporters.JUnitReportReporter -->
<testsuite hostname="APH10152" failures="0" tests="1" name="com.solera.mystore.testcases.RegistrationPageTest" time="31.709" errors="0" timestamp="2023-06-22T12:13:58 IST" skipped="0">
  <testcase classname="com.solera.mystore.testcases.RegistrationPageTest" name="loginTest" time="31.709"/>
</testsuite> <!-- com.solera.mystore.testcases.RegistrationPageTest -->
