<?xml version="1.0" encoding="UTF-8"?>
<!-- Generated by org.testng.reporters.JUnitReportReporter -->
<testsuite hostname="APH10152" failures="0" tests="1" name="com.solera.mystore.testcases.LoginPageTest" time="10.279" errors="0" timestamp="2023-06-22T08:20:37 IST" skipped="0">
  <testcase classname="com.solera.mystore.testcases.LoginPageTest" name="loginTest" time="10.279"/>
</testsuite> <!-- com.solera.mystore.testcases.LoginPageTest -->
