<?xml version="1.0" encoding="UTF-8"?>
<!-- Generated by org.testng.reporters.JUnitReportReporter -->
<testsuite hostname="752bf1756c36500" failures="0" tests="1" name="com.amdocs.mystore.testcases.ProductPageTest" time="17.949" errors="0" timestamp="2023-07-20T15:41:44 IST" skipped="0">
  <testcase classname="com.amdocs.mystore.testcases.ProductPageTest" name="selectProduct" time="17.949"/>
</testsuite> <!-- com.amdocs.mystore.testcases.ProductPageTest -->
