<?xml version="1.0" encoding="UTF-8"?>
<!-- Generated by org.testng.reporters.JUnitReportReporter -->
<testsuite hostname="APH10152" failures="0" tests="1" name="com.solera.mystore.testcases.PaymentPageTest" time="47.902" errors="0" timestamp="2023-06-22T16:07:17 IST" skipped="0">
  <testcase classname="com.solera.mystore.testcases.PaymentPageTest" name="paymentTest" time="47.902"/>
</testsuite> <!-- com.solera.mystore.testcases.PaymentPageTest -->
