<?xml version="1.0" encoding="UTF-8"?>
<!-- Generated by org.testng.reporters.JUnitReportReporter -->
<testsuite hostname="752bf1756c36500" failures="0" tests="1" name="com.amdocs.mystore.testcases.LoginPageTest" time="24.278" errors="0" timestamp="2023-07-20T14:12:36 IST" skipped="0">
  <testcase classname="com.amdocs.mystore.testcases.LoginPageTest" name="loginTest" time="24.278"/>
</testsuite> <!-- com.amdocs.mystore.testcases.LoginPageTest -->
