<?xml version="1.0" encoding="UTF-8"?>
<!-- Generated by org.testng.reporters.JUnitReportReporter -->
<testsuite hostname="752bf1756c36500" failures="0" tests="1" name="com.amdocs.mystore.testcases.SearchResultPageTest" time="17.032" errors="0" timestamp="2023-07-20T14:20:12 IST" skipped="0">
  <testcase classname="com.amdocs.mystore.testcases.SearchResultPageTest" name="searchProducts" time="17.032"/>
</testsuite> <!-- com.amdocs.mystore.testcases.SearchResultPageTest -->
