<?xml version="1.0" encoding="UTF-8"?>
<!-- Generated by org.testng.reporters.JUnitReportReporter -->
<testsuite hostname="APH10152" failures="0" tests="1" name="com.solera.mystore.testcases.CartPageTest" time="47.993" errors="0" timestamp="2023-06-22T15:25:38 IST" skipped="0">
  <testcase classname="com.solera.mystore.testcases.CartPageTest" name="addProduct" time="47.993"/>
</testsuite> <!-- com.solera.mystore.testcases.CartPageTest -->
