<?xml version="1.0" encoding="UTF-8"?>
<!-- Generated by org.testng.reporters.JUnitReportReporter -->
<testsuite hostname="APH10152" failures="0" tests="1" name="com.solera.mystore.testcases.SearchResultPageTest" time="40.060" errors="0" timestamp="2023-06-22T08:26:14 IST" skipped="0">
  <testcase classname="com.solera.mystore.testcases.SearchResultPageTest" name="searchProducts" time="40.060"/>
</testsuite> <!-- com.solera.mystore.testcases.SearchResultPageTest -->
