<?xml version="1.0" encoding="UTF-8"?>
<!-- Generated by org.testng.reporters.JUnitReportReporter -->
<testsuite hostname="APH10152" failures="0" tests="1" name="com.solera.mystore.testcases.CheckOutPageTest" time="40.091" errors="0" timestamp="2023-06-22T15:50:51 IST" skipped="0">
  <testcase classname="com.solera.mystore.testcases.CheckOutPageTest" name="checkOutTest" time="40.091"/>
</testsuite> <!-- com.solera.mystore.testcases.CheckOutPageTest -->
