<?xml version="1.0" encoding="UTF-8"?>
<!-- Generated by org.testng.reporters.JUnitReportReporter -->
<testsuite hostname="APH10152" failures="0" tests="1" name="com.solera.mystore.testcases.Test" time="14.466" errors="0" timestamp="2023-06-21T11:31:24 IST" skipped="0">
  <testcase classname="com.solera.mystore.testcases.Test" name="f" time="14.466"/>
  <system-out/>
</testsuite> <!-- com.solera.mystore.testcases.Test -->
