<?xml version="1.0" encoding="UTF-8"?>
<!-- Generated by org.testng.reporters.JUnitReportReporter -->
<testsuite hostname="752bf1756c36500" failures="0" tests="1" name="com.amdocs.mystore.testcases.IndexPageTest" time="4.557" errors="0" timestamp="2023-07-19T15:26:47 IST" skipped="0">
  <testcase classname="com.amdocs.mystore.testcases.IndexPageTest" name="indexTest" time="4.557"/>
</testsuite> <!-- com.amdocs.mystore.testcases.IndexPageTest -->
